Case #1: 1 0
Case #2: 1 0
Case #3: 1 1
Case #4: 0 0
Case #5: 500 499
Case #6: 7 6
Case #7: 1 0
Case #8: 0 0
Case #9: 1 0
Case #10: 3 3
Case #11: 250 249
Case #12: 250 249
Case #13: 0 0
Case #14: 0 0
Case #15: 1 0
Case #16: 1 1
Case #17: 0 0
Case #18: 0 0
Case #19: 1 0
Case #20: 0 0
Case #21: 3 2
Case #22: 1 0
Case #23: 0 0
Case #24: 0 0
Case #25: 1 1
Case #26: 0 0
Case #27: 0 0
Case #28: 3 2
Case #29: 0 0
Case #30: 0 0
Case #31: 3 2
Case #32: 0 0
Case #33: 0 0
Case #34: 0 0
Case #35: 7 6
Case #36: 1 0
Case #37: 1 0
Case #38: 0 0
Case #39: 0 0
Case #40: 2 2
Case #41: 1 0
Case #42: 0 0
Case #43: 0 0
Case #44: 0 0
Case #45: 0 0
Case #46: 1 1
Case #47: 0 0
Case #48: 0 0
Case #49: 0 0
Case #50: 1 0
Case #51: 0 0
Case #52: 3 2
Case #53: 1 0
Case #54: 3 3
Case #55: 1 1
Case #56: 0 0
Case #57: 3 3
Case #58: 1 1
Case #59: 0 0
Case #60: 1 0
Case #61: 0 0
Case #62: 0 0
Case #63: 1 0
Case #64: 1 1
Case #65: 0 0
Case #66: 1 1
Case #67: 2 1
Case #68: 0 0
Case #69: 0 0
Case #70: 125 124
Case #71: 499 499
Case #72: 0 0
Case #73: 0 0
Case #74: 3 3
Case #75: 1 1
Case #76: 1 0
Case #77: 1 0
Case #78: 1 1
Case #79: 0 0
Case #80: 1 0
Case #81: 0 0
Case #82: 0 0
Case #83: 0 0
Case #84: 1 0
Case #85: 0 0
Case #86: 0 0
Case #87: 0 0
Case #88: 0 0
Case #89: 0 0
Case #90: 0 0
Case #91: 1 1
Case #92: 0 0
Case #93: 249 249
Case #94: 0 0
Case #95: 0 0
Case #96: 0 0
Case #97: 1 0
Case #98: 0 0
Case #99: 0 0
Case #100: 0 0
