Case #1: 8 5
Case #2: 10 10
Case #3: 8 6
Case #4: 0 0
Case #5: 2 2
Case #6: 8 4
Case #7: 7 1
Case #8: 8 2
Case #9: 10 10
Case #10: 0 0
Case #11: 6 6
Case #12: 2 1
Case #13: 10 10
Case #14: 0 0
Case #15: 0 0
Case #16: 8 4
Case #17: 10 5
Case #18: 0 0
Case #19: 0 0
Case #20: 10 10
Case #21: 9 4
Case #22: 4 0
Case #23: 8 2
Case #24: 0 0
Case #25: 9 2
Case #26: 6 1
Case #27: 0 0
Case #28: 3 1
Case #29: 10 10
Case #30: 4 2
Case #31: 8 3
Case #32: 0 0
Case #33: 0 0
Case #34: 5 2
Case #35: 4 2
Case #36: 6 2
Case #37: 8 2
Case #38: 7 3
Case #39: 3 1
Case #40: 2 2
Case #41: 2 1
Case #42: 0 0
Case #43: 7 1
Case #44: 0 0
Case #45: 2 1
Case #46: 2 1
Case #47: 8 3
Case #48: 0 0
Case #49: 1 1
Case #50: 6 1
