Case #1: 2
Case #2: 1
Case #3: IMPOSSIBLE
Case #4: 1 2
Case #5: 2 9
Case #6: 2
Case #7: IMPOSSIBLE
Case #8: 1
Case #9: 2 190734863281254 381469726562505
Case #10: 2 14678080452 29356160902 44034241352 58712321802 73390402252 88068482702 102746563152 117424643602 132102724052 146780804502 161458884952 176136965402 190815045852 205493126302 220171206752 234849287202 249527367652 264205448102 278883528552 293561609002 308239689452 322917769902 337595850352 352273930802 366952011252 381630091702 396308172152 410986252602 425664333052 440342413502 455020493952 469698574402 484376654852 499054735302 513732815752 528410896202 543088976652 557767057102 572445137552 587123218002 601801298452 616479378902 631157459352 645835539802 660513620252 675191700702
Case #11: IMPOSSIBLE
Case #12: 1
Case #13: 1
Case #14: IMPOSSIBLE
Case #15: IMPOSSIBLE
Case #16: IMPOSSIBLE
Case #17: IMPOSSIBLE
Case #18: 2 22 42 62 81
Case #19: IMPOSSIBLE
Case #20: 1
Case #21: IMPOSSIBLE
Case #22: 2 202 402 602 802 1002 1202 1402 1602 1802 2002 2202 2402 2602 2802 3002 3202 3402 3602 3802 4002 4202 4402 4602 4802 5002 5202 5402 5602 5802 6002 6202 6402 6602 6802 7002 7202 7402 7602 7802 8002 8202 8402 8602 8802 9002 9202 9402 9602 9801
Case #23: IMPOSSIBLE
Case #24: IMPOSSIBLE
Case #25: IMPOSSIBLE
Case #26: 2 1462 2922 4382 5841
Case #27: IMPOSSIBLE
Case #28: IMPOSSIBLE
Case #29: 1
Case #30: IMPOSSIBLE
Case #31: 1 2 3 4 5 6 7 8 9 10 11 12 13 14 15 16 17 18 19 20 21 22 23 24 25 26 27 28 29 30 31 32 33 34 35 36 37 38 39 40 41 42 43 44 45 46 47 48 49 50 51 52 53 54 55 56 57 58 59 60 61 62 63 64 65 66 67 68 69 70 71 72 73 74 75 76 77 78 79 80 81 82 83 84 85 86 87 88 89 90 91 92 93 94 95 96 97 98 99 100
Case #32: IMPOSSIBLE
Case #33: IMPOSSIBLE
Case #34: IMPOSSIBLE
Case #35: IMPOSSIBLE
Case #36: 1 2 3
Case #37: 1
Case #38: 2 114 226 338 450 562 674 786 898 1010 1122 1234 1346 1458 1570 1682 1794 1906 2018 2130 2242 2354 2466 2578 2690 2802 2914 3025
Case #39: 2 39366000000004 78732000000006 118098000000008 157464000000010 196830000000012 236196000000014 275562000000016 314928000000018 354294000000020 393660000000022 433026000000024 472392000000026 511758000000028 551124000000030
Case #40: IMPOSSIBLE
Case #41: IMPOSSIBLE
Case #42: IMPOSSIBLE
Case #43: 1 2 3 4 5 6 7 8 9 10 11 12 13 14 15 16 17 18 19 20 21 22 23 24 25 26 27
Case #44: IMPOSSIBLE
Case #45: IMPOSSIBLE
Case #46: IMPOSSIBLE
Case #47: IMPOSSIBLE
Case #48: 2 36
Case #49: 2 5083731656661
Case #50: 2
Case #51: IMPOSSIBLE
Case #52: 1
Case #53: 2 8695584276996 17391168553990 26086752830984 34782337107978 43477921384972 52173505661966 60869089938960 69564674215954 78260258492948 86955842769942 95651427046936 104347011323930 113042595600924 121738179877918 130433764154912 139129348431906 147824932708900 156520516985894
Case #54: 2 20000000004 40000000006 60000000008 80000000010 100000000012 120000000014 140000000016 160000000018 180000000020 200000000022 220000000024 240000000026 260000000028 280000000030 300000000032 320000000034 340000000036 360000000038 380000000040 400000000042 420000000044 440000000046 460000000048 480000000050 500000000052 520000000054 540000000056 560000000058 580000000060 600000000062 620000000064 640000000066 660000000068 680000000070 700000000072 720000000074 740000000076 760000000078 780000000080 800000000082 820000000084 840000000086 860000000088 880000000090 900000000092 920000000094 940000000096 960000000098 980000000100
Case #55: 2 3909794986390 7819589972778 11729384959166 15639179945554 19548974931942 23458769918330 27368564904718 31278359891106 35188154877494 39097949863882 43007744850270 46917539836658 50827334823046 54737129809434 58646924795822 62556719782210 66466514768598 70376309754986 74286104741374 78195899727762 82105694714150 86015489700538 89925284686926 93835079673314 97744874659702 101654669646090 105564464632478 109474259618865
Case #56: IMPOSSIBLE
Case #57: IMPOSSIBLE
Case #58: IMPOSSIBLE
Case #59: IMPOSSIBLE
Case #60: 2 6254 12505
Case #61: IMPOSSIBLE
Case #62: 2 1588560093166 3177120186330 4765680279494 6354240372658 7942800465822 9531360558986 11119920652150 12708480745314 14297040838478 15885600931641
Case #63: IMPOSSIBLE
Case #64: 2 159584532595224006 319169065190448010 478753597785672013
Case #65: IMPOSSIBLE
Case #66: IMPOSSIBLE
Case #67: IMPOSSIBLE
Case #68: IMPOSSIBLE
Case #69: 1
Case #70: IMPOSSIBLE
Case #71: 2 35429400000000004 70858800000000006 106288200000000008 141717600000000010 177147000000000012 212576400000000014 248005800000000016 283435200000000018 318864600000000020 354294000000000022 389723400000000024 425152800000000026 460582200000000028 496011600000000030
Case #72: 2 20920706409
Case #73: IMPOSSIBLE
Case #74: IMPOSSIBLE
Case #75: 2 204 406 608 810 1012 1214 1416 1618 1820 2022 2224 2426 2628 2830 3032 3234 3436 3638 3840 4042 4244 4446 4648 4850 5052 5254 5456 5658 5860 6062 6264 6466 6668 6870 7072 7274 7476 7678 7880 8082 8284 8486 8688 8890 9092 9294 9496 9698 9900
Case #76: IMPOSSIBLE
Case #77: 2 9
Case #78: 2 1062886 2125770 3188654 4251537
Case #79: IMPOSSIBLE
Case #80: 1
Case #81: 2
Case #82: IMPOSSIBLE
Case #83: 2 14855317479289860 29710634958579718 44565952437869576 59421269917159434 74276587396449292 89131904875739150 103987222355029008 118842539834318866 133697857313608724 148553174792898582 163408492272188440 178263809751478298 193119127230768156 207974444710058014 222829762189347872 237685079668637730 252540397147927588 267395714627217446 282251032106507304 297106349585797162 311961667065087020 326816984544376878 341672302023666736 356527619502956594 371382936982246452 386238254461536310 401093571940826168 415948889420116026
Case #84: IMPOSSIBLE
Case #85: IMPOSSIBLE
Case #86: 1 2 3 4 5 6 7 8 9 10 11 12 13 14 15 16 17 18 19 20 21 22 23 24 25 26 27 28 29 30 31 32 33 34 35 36 37 38 39 40 41 42 43 44 45 46 47 48 49 50 51 52 53 54 55 56 57 58 59 60
Case #87: IMPOSSIBLE
Case #88: 2 12
Case #89: 2
Case #90: 2 886 1770 2654 3538 4422 5306 6190 7074 7958 8841
Case #91: IMPOSSIBLE
Case #92: 2 843754 1687506 2531258 3375010 4218762 5062514 5906266 6750018 7593770 8437522 9281274 10125026 10968778 11812530 12656282 13500034 14343786 15187538 16031290 16875042 17718794 18562546 19406298 20250050 21093802 21937554 22781306 23625058 24468810 25312562 26156314 27000066 27843818 28687570 29531322 30375074 31218825
Case #93: 2
Case #94: IMPOSSIBLE
Case #95: IMPOSSIBLE
Case #96: IMPOSSIBLE
Case #97: 1
Case #98: 2
Case #99: 1 2 3 4
Case #100: IMPOSSIBLE
