Case #1: 2
Case #2: 1
Case #3: 1 2
Case #4: 2 9
Case #5: 2
Case #6: 1 2 3 4 5 6 7 8 9 10 11 12 13 14 15 16 17 18 19 20 21 22 23 24 25 26 27 28 29 30 31 32 33 34 35 36 37 38 39 40 41 42 43 44 45 46 47 48 49 50
Case #7: 2 3256827195820902 6513654391641802 9770481587462702 13027308783283602 16284135979104502 19540963174925402 22797790370746302 26054617566567202 29311444762388102 32568271958209002 35825099154029902 39081926349850802 42338753545671702 45595580741492602 48852407937313502 52109235133134402 55366062328955302 58622889524776202 61879716720597102 65136543916418002 68393371112238902 71650198308059802 74907025503880702 78163852699701601
Case #8: 2 94 186 278 370 462 554 646 738 830 922 1014 1106 1198 1290 1382 1474 1566 1658 1750 1842 1934 2025
Case #9: 2 9007199254740996 18014398509481990 27021597764222984 36028797018963978 45035996273704972 54043195528445966 63050394783186960
Case #10: 2 320004 640006 960008 1280010 1600012 1920014 2240016 2560018 2880020
Case #11: 1
Case #12: 1
Case #13: 1 2 3 4 5 6 7 8 9 10 11 12 13 14 15 16
Case #14: 2 4626886 9253770 13880654 18507538 23134422 27761306 32388190 37015074 41641958 46268842 50895726 55522610 60149494 64776378 69403262 74030146 78657030 83283914 87910797
Case #15: 2 210827012 421654022 632481032 843308042 1054135052 1264962062
Case #16: 2 4194308 8388614 12582920
Case #17: 2 5517094707031254 11034189414062506 16551284121093758 22068378828125010 27585473535156262 33102568242187514 38619662949218766 44136757656250018 49653852363281270 55170947070312522 60688041777343774 66205136484375026 71722231191406278 77239325898437530 82756420605468782 88273515312500034 93790610019531285
Case #18: 2 20004 40006 60008 80010
Case #19: 2 124519380822726 249038761645450 373558142468174 498077523290898 622596904113622 747116284936346 871635665759070 996155046581794 1120674427404518 1245193808227242 1369713189049966 1494232569872690 1618751950695414 1743271331518138 1867790712340862 1992310093163586 2116829473986310 2241348854809034 2365868235631758 2490387616454482 2614906997277206 2739426378099930 2863945758922654 2988465139745378 3112984520568102 3237503901390825
Case #20: 2 80707218 161414434 242121649
Case #21: 2 27682574406 55365148810 83047723214 110730297618 138412872022 166095446426 193778020830 221460595234 249143169638 276825744042 304508318446 332190892850 359873467254 387556041658 415238616062 442921190466 470603764870 498286339274 525968913678 553651488082 581334062486 609016636890 636699211294 664381785697
Case #22: 2 774840981
Case #23: 2 126806761930756 253613523861510 380420285792264 507227047723018 634033809653772 760840571584526 887647333515280 1014454095446034 1141260857376788 1268067619307542 1394874381238296
Case #24: 1
Case #25: 2 144115188075855876
Case #26: 2 38146972656254 76293945312505
Case #27: 2 35184372088836 70368744177670 105553116266504 140737488355338 175921860444172 211106232533006 246290604621840
Case #28: 2
Case #29: 2 1620004 3240006 4860008 6480010 8100012 9720014 11340016 12960018 14580020 16200022 17820024 19440026 21060028 22680030
Case #30: 2 15059076 30118150 45177224 60236298 75295372 90354446
Case #31: 2 3602177086 7204354170 10806531254 14408708338 18010885422 21613062506 25215239590 28817416674 32419593758 36021770841
Case #32: 1 2 3 4 5 6 7 8 9 10 11 12 13 14 15 16 17 18 19 20 21 22 23 24 25 26 27 28 29 30 31
Case #33: 2 92 182 272 362 452 542 632 722 812 902 992 1082 1172 1262 1352 1442 1532 1622 1712 1802 1892
Case #34: 2 12207031254 24414062506 36621093758 48828125010 61035156262 73242187514 85449218766 97656250018 109863281270 122070312522 134277343774 146484375025
Case #35: 2
Case #36: 1 2 3 4 5 6 7 8 9 10 11 12 13 14 15 16 17 18 19 20 21 22 23 24 25 26 27 28 29 30 31 32 33 34 35 36 37 38 39 40 41 42 43 44 45 46 47 48 49 50 51 52 53 54
Case #37: 2 300189270593998245
Case #38: 2 13530406 27060810 40591214 54121618 67652022 81182426 94712830 108243234 121773638 135304042 148834446 162364850 175895254 189425658 202956062 216486466 230016870 243547274 257077678 270608082 284138486 297668890 311199294 324729698 338260101
Case #39: 2 28 54 80 106 132
Case #40: 2 109751747076 219503494150 329255241224 439006988298 548758735372 658510482446 768262229520 878013976594 987765723668 1097517470742
Case #41: 2 12500004 25000006 37500008 50000010 62500012 75000014 87500016 100000018 112500020 125000022 137500024 150000026 162500028 175000030 187500032 200000034 212500036 225000038 237500040 250000042 262500044 275000046 287500048 300000050
Case #42: 1
Case #43: 2 120340174121518 240680348243034 361020522364550 481360696486066 601700870607582 722041044729098 842381218850614 962721392972130 1083061567093646 1203401741215162 1323741915336678 1444082089458194 1564422263579710 1684762437701226 1805102611822742 1925442785944258 2045782960065774 2166123134187290 2286463308308806 2406803482430322 2527143656551838 2647483830673354 2767824004794870 2888164178916386 3008504353037902 3128844527159418 3249184701280934 3369524875402450 3489865049523966 3610205223645482 3730545397766998 3850885571888514 3971225746010030 4091565920131546 4211906094253062 4332246268374578 4452586442496094 4572926616617610 4693266790739126 4813606964860642 4933947138982158 5054287313103674 5174627487225190 5294967661346706 5415307835468222 5535648009589737
Case #44: 2 2002258300781254 4004516601562506 6006774902343758 8009033203125010 10011291503906262 12013549804687514 14015808105468766 16018066406250018 18020324707031270 20022583007812522 22024841308593774 24027099609375026 26029357910156278 28031616210937530 30033874511718782 32036132812500034 34038391113281286 36040649414062538 38042907714843790 40045166015625042 42047424316406294 44049682617187546 46051940917968798 48054199218750050 50056457519531302 52058715820312554 54060974121093806 56063232421875058 58065490722656310 60067749023437562 62070007324218814 64072265625000066 66074523925781318 68076782226562570 70079040527343822 72081298828125074 74083557128906325
Case #45: 2 36
Case #46: 1
Case #47: 2 132
Case #48: 2 1272116 2544230 3816344 5088458 6360572 7632686 8904800 10176914 11449028 12721142 13993256 15265370 16537484 17809598 19081712 20353826 21625940 22898054 24170168 25442282 26714396 27986510 29258624 30530738 31802852 33074966 34347080 35619194 36891308 38163422 39435536 40707650 41979764 43251878 44523992 45796106 47068220 48340334 49612448 50884562 52156676 53428790
Case #49: 2 68543792615270 137087585230538 205631377845806 274175170461074 342718963076342 411262755691610 479806548306878 548350340922145
Case #50: 1
Case #51: 2 38407817972322 76815635944642 115223453916962 153631271889282 192039089861602 230446907833922 268854725806242 307262543778562 345670361750882 384078179723202 422485997695522 460893815667842 499301633640162 537709451612482 576117269584802 614525087557122 652932905529442 691340723501762 729748541474082 768156359446402 806564177418722 844971995391042 883379813363362 921787631335682 960195449308002 998603267280322 1037011085252642 1075418903224962 1113826721197282 1152234539169602 1190642357141922 1229050175114242 1267457993086562 1305865811058882 1344273629031202 1382681447003522 1421089264975842 1459497082948162 1497904900920481
Case #52: 2 2226069574909956 4452139149819910 6678208724729864 8904278299639818 11130347874549772 13356417449459726 15582487024369680 17808556599279634 20034626174189588 22260695749099542 24486765324009496 26712834898919450 28938904473829404 31164974048739358 33391043623649312 35617113198559266 37843182773469220 40069252348379174 42295321923289128 44521391498199082 46747461073109036 48973530648018990 51199600222928944 53425669797838898 55651739372748852 57877808947658806 60103878522568760 62329948097478714 64556017672388668 66782087247298622 69008156822208576 71234226397118530 73460295972028484 75686365546938438 77912435121848392 80138504696758346 82364574271668300
Case #53: 2 14512627716 29025255430 43537883144 58050510858 72563138572 87075766286 101588394000 116101021714 130613649428 145126277142 159638904856 174151532570 188664160284 203176787998 217689415712 232202043426 246714671140 261227298854 275739926568 290252554282 304765181996
Case #54: 1 2 3 4 5 6 7 8 9 10 11 12 13 14 15 16 17 18 19 20 21 22 23 24 25 26 27 28 29 30 31 32 33 34 35
Case #55: 2 148180 296358 444536 592714 740892 889070 1037248 1185426 1333604 1481782 1629960 1778138 1926316 2074494 2222672 2370850 2519028 2667206 2815384 2963562
Case #56: 1
Case #57: 2 12
Case #58: 2 16280812170383206 32561624340766410 48842436511149614 65123248681532818 81404060851916022 97684873022299226 113965685192682430 130246497363065634 146527309533448838 162808121703832042 179088933874215246 195369746044598450 211650558214981654 227931370385364858 244212182555748062 260492994726131266 276773806896514470 293054619066897674 309335431237280877
Case #59: 2 20004 40006 60008 80010 100012 120014 140016 160018 180020 200022 220024 240026 260028 280030 300032 320034 340036 360038 380040 400042 420044 440046 460048 480050 500052 520054 540056 560058 580060 600062 620064 640066 660068 680070 700072 720074 740076 760078 780080 800082 820084 840086 860088 880090 900092 920094 940096 960098 980100
Case #60: 2 200000000000000004 400000000000000006 600000000000000008 800000000000000010
Case #61: 1
Case #62: 2 137260754729769
Case #63: 2 169869316 339738630 509607944 679477258 849346572 1019215886 1189085200 1358954514 1528823828 1698693142 1868562456 2038431770 2208301084 2378170398 2548039712 2717909026 2887778340 3057647654 3227516968 3397386282 3567255596 3737124910 3906994224 4076863538 4246732852 4416602166 4586471480 4756340794 4926210108 5096079422 5265948736 5435818050 5605687364 5775556678 5945425992 6115295306 6285164620 6455033934 6624903248 6794772562 6964641876 7134511190 7304380504 7474249818 7644119132 7813988446 7983857760
Case #64: 2 21
Case #65: 2 75645718726 151291437450 226937156174 302582874898 378228593622 453874312346 529520031070 605165749794 680811468518 756457187241
Case #66: 1
Case #67: 1 2 3 4
Case #68: 1 2 3 4 5 6 7 8 9 10 11 12 13 14 15 16 17 18 19 20 21
Case #69: 2 877956 1755910 2633864 3511818 4389772 5267726 6145680 7023634 7901588 8779542 9657496 10535450 11413404 12291358 13169312 14047266 14925220 15803174 16681128 17559082 18437036 19314990 20192944 21070898 21948852 22826806 23704760 24582714 25460668 26338622 27216576 28094530 28972484 29850438 30728392 31606346 32484300
Case #70: 2 18 34 49
Case #71: 2 2147483652 4294967302 6442450952
Case #72: 2
Case #73: 2 2000004 4000006 6000008 8000010 10000012 12000014 14000016 16000018 18000020 20000022 22000024 24000026 26000028 28000030 30000032 32000034 34000036 36000038 38000040 40000042 42000044 44000046 46000048 48000050 50000052 52000054 54000056 56000058 58000060 60000062 62000064 64000066 66000068 68000070 70000072 72000074 74000076 76000078 78000080 80000082 82000084 84000086 86000088 88000090 90000092 92000094 94000096 96000098 98000100
Case #74: 2 1661172 3322342 4983512 6644682 8305852 9967022 11628192 13289362 14950532 16611702 18272872 19934042 21595212 23256382 24917552 26578722 28239892 29901062 31562232 33223402 34884572 36545742 38206912 39868082 41529252 43190422 44851592 46512762 48173932 49835102 51496272 53157442 54818612 56479782 58140952 59802122 61463292 63124462 64785632 66446802 68107972 69769142 71430312 73091482 74752652 76413822
Case #75: 2 2000000004 4000000006 6000000008 8000000010
Case #76: 2 204 406 608 810 1012 1214 1416 1618 1820 2022 2224 2426 2628 2830 3032 3234 3436 3638 3840 4042 4244 4446 4648 4850 5052 5254 5456 5658 5860 6062 6264 6466 6668 6870 7072 7274 7476 7678 7880 8082 8284 8486 8688 8890 9092 9294 9496 9698 9900
Case #77: 1
Case #78: 1 2 3 4 5 6 7 8 9 10 11 12 13 14 15 16 17 18 19 20 21 22 23 24 25 26 27 28 29 30 31 32 33 34 35 36 37 38 39 40 41 42 43 44 45 46 47 48 49 50 51 52 53 54 55 56 57 58 59 60 61 62 63 64 65 66 67 68 69 70 71 72 73 74 75 76 77 78 79 80 81 82 83 84 85 86 87 88 89 90 91 92 93 94 95 96 97 98 99 100
Case #79: 2 24 46 68 90
Case #80: 1
Case #81: 2 34499752622 68999505242 103499257862 137999010482 172498763102 206998515722 241498268342 275998020962 310497773582 344997526202 379497278822 413997031442 448496784062 482996536681
Case #82: 2 949108 1898214 2847320 3796426 4745532 5694638 6643744 7592850 8541956 9491062 10440168 11389274 12338380 13287486 14236592 15185698 16134804 17083910 18033016 18982122 19931228 20880334 21829440 22778546 23727652 24676758 25625864 26574970 27524076 28473182 29422288 30371394 31320500 32269606 33218712 34167818 35116924 36066030
Case #83: 2 27074173092527108 54148346185054214 81222519277581320 108296692370108426 135370865462635532 162445038555162638 189519211647689744 216593384740216850 243667557832743956 270741730925271062 297815904017798168 324890077110325274 351964250202852380 379038423295379486 406112596387906592 433186769480433698 460260942572960804 487335115665487910 514409288758015016 541483461850542122 568557634943069228 595631808035596334 622705981128123440 649780154220650546 676854327313177652 703928500405704758 731002673498231864 758076846590758970 785151019683286076 812225192775813182
Case #84: 1
Case #85: 2 8388612
Case #86: 2 57
Case #87: 1
Case #88: 1
Case #89: 2 64115417656254 128230835312506 192346252968758 256461670625010 320577088281262 384692505937514 448807923593766 512923341250018 577038758906270 641154176562522 705269594218774 769385011875026 833500429531278 897615847187530 961731264843782 1025846682500034 1089962100156286 1154077517812538 1218192935468790 1282308353125042 1346423770781294 1410539188437546 1474654606093798 1538770023750050 1602885441406302 1667000859062554 1731116276718806 1795231694375058 1859347112031310 1923462529687562 1987577947343814 2051693365000066 2115808782656318 2179924200312570 2244039617968822 2308155035625074 2372270453281326 2436385870937578 2500501288593830 2564616706250082 2628732123906334 2692847541562585
Case #90: 2 20000000000000004 40000000000000006 60000000000000008 80000000000000010 100000000000000012 120000000000000014 140000000000000016 160000000000000018 180000000000000020 200000000000000022 220000000000000024 240000000000000026 260000000000000028 280000000000000030 300000000000000032 320000000000000034 340000000000000036 360000000000000038 380000000000000040 400000000000000042 420000000000000044 440000000000000046 460000000000000048 480000000000000050 500000000000000052 520000000000000054 540000000000000056 560000000000000058 580000000000000060 600000000000000062 620000000000000064 640000000000000066 660000000000000068 680000000000000070 700000000000000072 720000000000000074 740000000000000076 760000000000000078 780000000000000080 800000000000000082 820000000000000084 840000000000000086 860000000000000088 880000000000000090 900000000000000092 920000000000000094 940000000000000096 960000000000000098 980000000000000100
Case #91: 1 2 3 4 5 6 7 8 9 10 11 12 13 14 15 16 17 18 19 20 21 22 23 24 25 26 27 28 29 30 31 32 33 34 35 36 37 38 39 40 41 42 43 44 45 46 47 48 49 50 51 52 53 54 55 56 57 58 59 60 61 62 63 64 65 66 67 68 69 70 71 72 73 74 75 76 77 78
Case #92: 2
Case #93: 2 5083731656661
Case #94: 2 31254 62506 93758 125010 156262 187514 218766 250018 281270 312522 343774 375025
Case #95: 2 2349422279678 4698844559354 7048266839030 9397689118706 11747111398382 14096533678058 16445955957734 18795378237410 21144800517086 23494222796762 25843645076438 28193067356114 30542489635790 32891911915466 35241334195142 37590756474818 39940178754494 42289601034170 44639023313846 46988445593522 49337867873198 51687290152874 54036712432550 56386134712226 58735556991902 61084979271577
Case #96: 2 41943040000004 83886080000006 125829120000008 167772160000010 209715200000012 251658240000014 293601280000016 335544320000018 377487360000020 419430400000022 461373440000024 503316480000026 545259520000028 587202560000030 629145600000032 671088640000034 713031680000036 754974720000038 796917760000040 838860800000042 880803840000044 922746880000046 964689920000048 1006632960000050 1048576000000052 1090519040000054 1132462080000056 1174405120000058 1216348160000060 1258291200000062 1300234240000064 1342177280000066 1384120320000068 1426063360000070 1468006400000072 1509949440000074 1551892480000076 1593835520000078 1635778560000080
Case #97: 1 2 3
Case #98: 2 1525878906254 3051757812505
Case #99: 2 2666 5330 7994 10658 13321
Case #100: 2 76836 153670 230504 307338 384172 461006
