Case #1: 19 20
Case #2: 023 023
Case #3: 0 0
Case #4: 05 00
Case #5: 900000000000000005 900000000000000005
Case #6: 060 019
Case #7: 600054500066000056 199454596595964199
Case #8: 050 009
Case #9: 059599590509999599 059950900005090999
Case #10: 900000099999899909 900000099999900990
Case #11: 39997949999998909 70010208913701780
Case #12: 909090909090909090 909090909090909090
Case #13: 09400010300001800 09160045893999949
Case #14: 049 090
Case #15: 9 9
Case #16: 602043300000000500 602041969559979919
Case #17: 09999999909191969 10050609000005090
Case #18: 909090909090909090 909090909090909090
Case #19: 88 93
Case #20: 466000006006000600 464596999995999495
Case #21: 990000909000908093 909999990999993998
Case #22: 07929597959693939 11060104060101020
Case #23: 909090909090909095 909090909090909095
Case #24: 05959595909590959 10000005050005050
Case #25: 554564949699999966 556500450000506445
Case #26: 000000000000000009 000000000000000009
Case #27: 030061570300220001 030061570267991929
Case #28: 999999999999999999 999999999999999990
Case #29: 5 5
Case #30: 000000000000000009 000000000000000005
Case #31: 44004100200060000 43892999194897899
Case #32: 099999999999999999 999999999999999999
Case #33: 999999999999999999 999999999999999999
Case #34: 900000000000000005 900000000000000005
Case #35: 93 88
Case #36: 08010701080008020 07989198979799999
Case #37: 10000505050505050 05959090909590959
Case #38: 080 039
Case #39: 909090909090909090 099999999999999999
Case #40: 000000000000000000 000000000000000000
Case #41: 000000000000000005 000000000000000000
Case #42: 9200569 9200590
Case #43: 055056666060055650 055056659549956699
Case #44: 306305077800073000 091292959579926979
Case #45: 904900 904900
Case #46: 9640031761100 9640021999197
Case #47: 999999999999999999 999999999999999999
Case #48: 039 080
Case #49: 308919999929999099 310065000080601909
Case #50: 012345678999999999 012345680123456789
Case #51: 019901999999990999 100909901000110909
Case #52: 900000000000000009 900000000000000009
Case #53: 09050900000500000 05959590999090999
Case #54: 05000005050009090 00999595959095999
Case #55: 099999999999999995 099999999999999999
Case #56: 000555500005005000 000555500005000990
Case #57: 099999999999999999 099999999999999999
Case #58: 098003908092092002 093998992998993998
Case #59: 900000000000000000 900000000000000000
Case #60: 000000000000000009 000000000000000010
Case #61: 099999999999999999 099999999999999999
Case #62: 000000000000000000 000000000000000000
Case #63: 909090909090909090 909090909090909090
Case #64: 100000000000000000 099999999999999999
Case #65: 665045600006065550 656995999495959966
Case #66: 500000005500005005 059095595999999090
Case #67: 5 5
Case #68: 900000000000000000 099999999999999999
Case #69: 999999999999999999 999999999999999999
Case #70: 05969494959596949 06060404060606040
Case #71: 11090000010109010 09919999909090919
Case #72: 009 050
Case #73: 09100900090909090 09099090999999909
Case #74: 000000000000000000 000000000000000000
Case #75: 1899689990299 6000260030250
Case #76: 04060605060506040 04060496959494969
Case #77: 09090991919999949 09091100050101000
Case #78: 099999999999999999 900000000000000000
Case #79: 6164684006 6130998979
Case #80: 0 0
Case #81: 003744099939965999 003747037800005000
Case #82: 005019999694099149 005021040096016005
Case #83: 999999999999999999 999999999999999999
Case #84: 060045554060004650 049699569459999959
Case #85: 900000000000000000 900000000000000000
Case #86: 000000000000000005 000000000000000009
Case #87: 009089959999599999 009090000099509509
Case #88: 04949694949595959 05060605050506050
Case #89: 00500 00099
Case #90: 360050065 360050061
Case #91: 011900911009090010 010090199910190090
Case #92: 999999999999999999 999999999999999995
Case #93: 909090909090909099 909090909090909099
Case #94: 338197989991454984 340610000010600680
Case #95: 2005000000010 1999097899996
Case #96: 000000000000000000 000000000000000005
Case #97: 497923979130949329 500000154297053000
Case #98: 497397997809939999 500760401600727100
Case #99: 81909992 99000900
Case #100: 00 00
Case #101: 999999999999999995 999999999999999999
Case #102: 700750148000700733 019975090999989018
Case #103: 099000999099009000 099001000000000090
Case #104: 090089909990999999 090090000000000000
Case #105: 560604044000090563 392499999674997909
Case #106: 06000406010104090 04919690919995969
Case #107: 987654321000000000 987654319876543210
Case #108: 041910159099994990 100506006046000405
Case #109: 6089010710590060 6089009909939991
Case #110: 000000000000000010 000000000000000009
Case #111: 17689 17689
Case #112: 029 070
Case #113: 590000005990000550 555999999999990905
Case #114: 9905000050 2909279988
Case #115: 07030801070506050 02999298919791909
Case #116: 0 0
Case #117: 60462418429 60462450404
Case #118: 09090909959090999 09090910000005090
Case #119: 091999929 094000025
Case #120: 999999999999999999 999999999999999999
Case #121: 06040504040504060 06040496959495969
Case #122: 100099021059000807 099990679191999990
Case #123: 00 05
Case #124: 04929393979692969 07050202010204090
Case #125: 550595099999590999 550990009000995009
Case #126: 89655990991 89656002000
Case #127: 099999999999999999 099999999999999999
Case #128: 999999999999999999 999999999999999999
Case #129: 09909999909190909 11010100010100000
Case #130: 10010109010000010 09999199919999909
Case #131: 090 049
Case #132: 10090005000505090 09959590959590999
Case #133: 540090 540088
Case #134: 09100909000900090 09099090909990909
Case #135: 990090999999099019 990110001001100009
Case #136: 999999999999999999 999999999999999999
Case #137: 000000000000000009 000000000000000009
Case #138: 987654321000000000 987654320123456789
Case #139: 111999999999729992 120250000400008002
Case #140: 909090909090909099 909090909090909099
Case #141: 063399 065064
Case #142: 019 060
Case #143: 012345678999999999 012345679876543210
Case #144: 05000000000000050 00909090909595959
Case #145: 999999999999999999 999999999999999999
Case #146: 040608799995199949 040609709005000800
Case #147: 10 05
Case #148: 00050500050505050 00050500050500959
Case #149: 999999999999999999 999999999999999999
Case #150: 49658 49658
Case #151: 09909099909090909 10090900000900090
Case #152: 008321299959993 008509030100349
Case #153: 099999999999999999 100000000000000000
Case #154: 03070607020106080 02939198909294969
Case #155: 909090909090909090 909090909090909090
Case #156: 999999999999999999 999999999999999999
Case #157: 070 029
Case #158: 999999999999999999 999999999999999999
Case #159: 999999999999999990 999999999999999999
Case #160: 0896699839951 0915098906308
Case #161: 09959595999999999 10050000000005000
Case #162: 099999999999999999 099999999999999995
Case #163: 60069999994945919 60080001730548002
Case #164: 050000055000000000 005959990005999099
Case #165: 099999999999999999 909090909090909090
Case #166: 000000000000000005 000000000000000005
Case #167: 8209093190 8209069821
Case #168: 090010000900990009 090009909990099990
Case #169: 555000500050050500 050099590099059509
Case #170: 00000901010001010 00000900999099919
Case #171: 999000000000009009 990999909909999900
Case #172: 500000900099600000 499199919951949999
Case #173: 439799999550929999 440100531948280700
Case #174: 909909999999190111 909919010091901100
Case #175: 10040105050401000 09919991949591949
Case #176: 099999999999999999 099999999999999999
Case #177: 05 10
Case #178: 00909090909991999 01010909010009000
Case #179: 510005000000555500 505599099995995550
Case #180: 9 9
Case #181: 900000000000000009 900000000000000009
Case #182: 308856 308875
Case #183: 04949495969595949 05060605050506060
Case #184: 055140000006900440 050199999991099919
Case #185: 772207024099296999 772207024400020092
Case #186: 09999099909099909 10000000000009090
Case #187: 00099 00500
Case #188: 000000000000000005 000000000000000005
Case #189: 06000105000906000 04919095959595959
Case #190: 05059595909590959 05100500000000000
Case #191: 0180000703300 0169909999039
Case #192: 909090909090909095 909090909090909095
Case #193: 90130 62961
Case #194: 199919199100999119 900000000010900000
Case #195: 769961297 810003000
Case #196: 045312799719391399 045321052707051000
Case #197: 999999999999999999 099999999999999999
Case #198: 900050059059500005 595099999009590905
Case #199: 999999999999999999 999999999999999999
Case #200: 09100009000009000 09099999909090999
