Case #1: 19 20
Case #2: 023 023
Case #3: 0 0
Case #4: 05 00
Case #5: 454 455
Case #6: 063 061
Case #7: 049 090
Case #8: 350 350
Case #9: 05 05
Case #10: 420 049
Case #11: 00 00
Case #12: 95 95
Case #13: 397 401
Case #14: 504 504
Case #15: 99 99
Case #16: 643 593
Case #17: 940 639
Case #18: 080 080
Case #19: 900 909
Case #20: 039 640
Case #21: 450 450
Case #22: 99 99
Case #23: 99 99
Case #24: 199 199
Case #25: 909 900
Case #26: 770 770
Case #27: 800 609
Case #28: 9 9
Case #29: 599 980
Case #30: 039 090
Case #31: 092 093
Case #32: 899 900
Case #33: 015 017
Case #34: 932 334
Case #35: 090 049
Case #36: 826 826
Case #37: 110 110
Case #38: 505 504
Case #39: 507 507
Case #40: 000 000
Case #41: 098 093
Case #42: 99 95
Case #43: 05 05
Case #44: 09 99
Case #45: 179 180
Case #46: 020 020
Case #47: 727 729
Case #48: 643 643
Case #49: 073 070
Case #50: 093 098
Case #51: 909 990
Case #52: 716 716
Case #53: 080 049
Case #54: 090 039
Case #55: 09 90
Case #56: 040 009
Case #57: 059 090
Case #58: 502 502
Case #59: 000 000
Case #60: 049 080
Case #61: 006 006
Case #62: 501 503
Case #63: 99 90
Case #64: 988 993
Case #65: 024 074
Case #66: 00 09
Case #67: 5 5
Case #68: 640 640
Case #69: 05 09
Case #70: 098 068
Case #71: 99 99
Case #72: 367 767
Case #73: 09 09
Case #74: 00 00
Case #75: 483 803
Case #76: 094 094
Case #77: 000 009
Case #78: 194 193
Case #79: 410 410
Case #80: 280 330
Case #81: 599 601
Case #82: 0 0
Case #83: 988 992
Case #84: 039 080
Case #85: 060 019
Case #86: 019 070
Case #87: 05 05
Case #88: 033 033
Case #89: 0 0
Case #90: 90 09
Case #91: 899 892
Case #92: 90 90
Case #93: 029 080
Case #94: 070 039
Case #95: 05 05
Case #96: 486 586
Case #97: 020 009
Case #98: 497 500
Case #99: 019 050
Case #100: 015 065
Case #101: 99 99
Case #102: 850 849
Case #103: 990 909
Case #104: 99 99
Case #105: 306 306
Case #106: 706 746
Case #107: 080 039
Case #108: 009 040
Case #109: 95 99
Case #110: 099 090
Case #111: 070 029
Case #112: 9 9
Case #113: 90 90
Case #114: 732 732
Case #115: 897 900
Case #116: 803 703
Case #117: 408 408
Case #118: 088 088
Case #119: 291 601
Case #120: 919 939
Case #121: 029 060
Case #122: 303 303
Case #123: 058 058
Case #124: 05 10
Case #125: 007 007
Case #126: 024 128
Case #127: 00 00
Case #128: 080 029
Case #129: 070 019
Case #130: 204 204
Case #131: 164 664
Case #132: 205 205
Case #133: 00 00
Case #134: 99 99
Case #135: 737 727
Case #136: 09 09
Case #137: 019 060
Case #138: 404 404
Case #139: 609 299
Case #140: 009 060
Case #141: 099 909
Case #142: 00 00
Case #143: 903 903
Case #144: 00 05
Case #145: 089 069
Case #146: 029 070
Case #147: 00 00
Case #148: 992 988
Case #149: 090 099
Case #150: 093 008
Case #151: 90 90
Case #152: 017 015
Case #153: 621 671
Case #154: 044 054
Case #155: 824 024
Case #156: 685 685
Case #157: 95 95
Case #158: 083 088
Case #159: 060 029
Case #160: 09 05
Case #161: 302 304
Case #162: 009 050
Case #163: 99 09
Case #164: 393 043
Case #165: 09 09
Case #166: 93 88
Case #167: 450 453
Case #168: 050 019
Case #169: 09 00
Case #170: 308 310
Case #171: 673 643
Case #172: 635 636
Case #173: 10 05
Case #174: 00 00
Case #175: 99 99
Case #176: 159 161
Case #177: 950 629
Case #178: 092 098
Case #179: 000 002
Case #180: 963 663
Case #181: 90 99
Case #182: 5 5
Case #183: 767 767
Case #184: 993 988
Case #185: 715 715
Case #186: 039 070
Case #187: 09 09
Case #188: 645 645
Case #189: 892 900
Case #190: 060 009
Case #191: 050 009
Case #192: 432 232
Case #193: 090 059
Case #194: 90 90
Case #195: 001 005
Case #196: 377 337
Case #197: 88 93
Case #198: 640 239
Case #199: 450 450
Case #200: 200 094
