Case #1: 30 510
Case #2: 126 1022
Case #3: 0 0
Case #4: 0 32
Case #5: 0 6
Case #6: 2 510
Case #7: 2 62
Case #8: 0 224
Case #9: 0 32
Case #10: 2 254
Case #11: 0 510
Case #12: 2 2
Case #13: 62 510
Case #14: 2 1022
Case #15: 6 14
Case #16: 0 12
Case #17: 62 254
Case #18: 63 63
Case #19: 0 0
Case #20: 0 124
Case #21: 1022 1022
Case #22: 0 0
Case #23: 126 126
Case #24: 0 240
Case #25: 1 1
Case #26: 1023 1023
Case #27: 30 510
Case #28: 2 6
Case #29: 0 4
Case #30: 126 126
Case #31: 30 510
Case #32: 6 126
Case #33: 0 4
Case #34: 0 1020
Case #35: 0 0
Case #36: 0 1020
Case #37: 0 224
Case #38: 0 248
Case #39: 3 3
Case #40: 2 30
Case #41: 0 28
Case #42: 6 62
Case #43: 0 960
Case #44: 0 16
Case #45: 2 126
Case #46: 6 30
Case #47: 0 508
Case #48: 0 60
Case #49: 14 510
Case #50: 0 8
Case #51: 2 62
Case #52: 0 1016
Case #53: 0 6
Case #54: 0 28
Case #55: 0 28
Case #56: 0 62
Case #57: 0 56
Case #58: 2 126
Case #59: 0 448
Case #60: 0 1008
Case #61: 0 4
Case #62: 0 60
Case #63: 6 126
Case #64: 14 1022
Case #65: 0 252
Case #66: 0 56
Case #67: 254 254
Case #68: 6 510
Case #69: 30 510
Case #70: 2 1022
Case #71: 0 1016
Case #72: 14 254
Case #73: 0 8
Case #74: 0 28
Case #75: 30 254
Case #76: 0 1016
Case #77: 126 126
Case #78: 3 3
Case #79: 126 1022
Case #80: 0 224
Case #81: 0 112
Case #82: 0 60
Case #83: 0 512
Case #84: 0 28
Case #85: 0 0
Case #86: 0 1022
Case #87: 6 126
Case #88: 62 126
Case #89: 0 30
Case #90: 511 511
Case #91: 0 14
Case #92: 0 60
Case #93: 0 224
Case #94: 14 254
Case #95: 2 1022
Case #96: 30 1022
Case #97: 0 240
Case #98: 0 0
Case #99: 2 126
Case #100: 0 992
