Case #1: 1
Case #2: IMPOSSIBLE
Case #3: IMPOSSIBLE
Case #4: IMPOSSIBLE
Case #5: IMPOSSIBLE
Case #6: IMPOSSIBLE
Case #7: 2 6 1 3 8 9 4 5 7 11 12 13 14 16 17 10 15 18 19 20
Case #8: IMPOSSIBLE
Case #9: 1 2 3
Case #10: 20 19 18 17 16 15 14 13 10 9 8 7 6 5 4 3 2 1 12 11
Case #11: 1 2 7 8 9 10 11 12 13 14 15 16 3 17 4 18 5 19 6
Case #12: 1 2 3 4 5 7 8 9 6
Case #13: IMPOSSIBLE
Case #14: IMPOSSIBLE
Case #15: 1 3 5 7 9 10 11 12 4 13 6 14 2 15 8 16 17 18 19 20
Case #16: 1 2 3 4 5 6 7 8 9 10
Case #17: 8 16 13 14 2 1 3 4 6 10 5 12 15 17 9 18 19 20 7 11
Case #18: 1 3 5 4 2
Case #19: 2 1
Case #20: 2 1 4 3
Case #21: 1 2 6 3 4 5 7 8 9 10 11 12 13 14 15 16 17 18 19 20
Case #22: 1
Case #23: 1 2 3 4 5
Case #24: 1 2 3 4 5 6 7 8 9 10 11 12 13 14 15
Case #25: 2 3 1 4 5 7 8 10 11 6 9 12 13 14 15
